Copyright 1986-2022 Xilinx, Inc. All Rights Reserved. Copyright 2022-2024 Advanced Micro Devices, Inc. All Rights Reserved.
---------------------------------------------------------------------------------------------------------------------------------------------
| Tool Version : Vivado v.2024.2 (lin64) Build 5239630 Fri Nov 08 22:34:34 MST 2024
| Date         : Sun Nov 30 04:25:35 2025
| Host         : logan-ROG-Strix-G513IE-G513IE running 64-bit Ubuntu 24.04.3 LTS
| Command      : upgrade_ip
| Device       : xc7z010clg400-1
---------------------------------------------------------------------------------------------------------------------------------------------

Upgrade Log for IP 'ILA_xlconstant_0_1'

1. Summary
----------

SUCCESS in the upgrade of ILA_xlconstant_0_1 (xilinx.com:ip:xlconstant:1.1) from (Rev. 2) to (Rev. 9)






Copyright 1986-2022 Xilinx, Inc. All Rights Reserved. Copyright 2022-2024 Advanced Micro Devices, Inc. All Rights Reserved.
---------------------------------------------------------------------------------------------------------------------------------------------
| Tool Version : Vivado v.2024.2 (lin64) Build 5239630 Fri Nov 08 22:34:34 MST 2024
| Date         : Sun Nov 30 04:25:35 2025
| Host         : logan-ROG-Strix-G513IE-G513IE running 64-bit Ubuntu 24.04.3 LTS
| Command      : upgrade_ip
| Device       : xc7z010clg400-1
---------------------------------------------------------------------------------------------------------------------------------------------

Upgrade Log for IP 'ILA_processing_system7_0_0'

1. Summary
----------

SUCCESS in the upgrade of ILA_processing_system7_0_0 (xilinx.com:ip:processing_system7:5.5) from (Rev. 3) to (Rev. 6)

2. Upgrade messages
-------------------

WARNING: upgrade cannot add parameter PCW_TRACE_INTERNAL_WIDTH with default value 32 : a parameter called PCW_TRACE_INTERNAL_WIDTH already exists in processing_system7_v5_5
WARNING: upgrade cannot add parameter PCW_USE_AXI_NONSECURE with default value 0 : a parameter called PCW_USE_AXI_NONSECURE already exists in processing_system7_v5_5
WARNING: upgrade cannot add parameter PCW_EN_PTP_ENET0 with default value 1 : a parameter called PCW_EN_PTP_ENET0 already exists in processing_system7_v5_5
WARNING: upgrade cannot add parameter PCW_EN_PTP_ENET0 with default value 1 : a parameter called PCW_EN_PTP_ENET0 already exists in processing_system7_v5_5
WARNING: upgrade cannot add parameter PCW_GP0_NUM_WRITE_THREADS with default value 4 : a parameter called PCW_GP0_NUM_WRITE_THREADS already exists in processing_system7_v5_5
WARNING: upgrade cannot add parameter PCW_GP0_NUM_READ_THREADS with default value 4 : a parameter called PCW_GP0_NUM_READ_THREADS already exists in processing_system7_v5_5
WARNING: upgrade cannot add parameter PCW_GP1_NUM_WRITE_THREADS with default value 4 : a parameter called PCW_GP1_NUM_WRITE_THREADS already exists in processing_system7_v5_5
WARNING: upgrade cannot add parameter PCW_GP1_NUM_READ_THREADS with default value 4 : a parameter called PCW_GP1_NUM_READ_THREADS already exists in processing_system7_v5_5
WARNING: upgrade cannot add parameter PCW_GP0_EN_MODIFIABLE_TXN with default value 0 : a parameter called PCW_GP0_EN_MODIFIABLE_TXN already exists in processing_system7_v5_5
WARNING: upgrade cannot add parameter PCW_GP1_EN_MODIFIABLE_TXN with default value 0 : a parameter called PCW_GP1_EN_MODIFIABLE_TXN already exists in processing_system7_v5_5






Copyright 1986-2022 Xilinx, Inc. All Rights Reserved. Copyright 2022-2024 Advanced Micro Devices, Inc. All Rights Reserved.
---------------------------------------------------------------------------------------------------------------------------------------------
| Tool Version : Vivado v.2024.2 (lin64) Build 5239630 Fri Nov 08 22:34:34 MST 2024
| Date         : Sun Nov 30 04:25:34 2025
| Host         : logan-ROG-Strix-G513IE-G513IE running 64-bit Ubuntu 24.04.3 LTS
| Command      : upgrade_ip
| Device       : xc7z010clg400-1
---------------------------------------------------------------------------------------------------------------------------------------------

Upgrade Log for IP 'ILA_ila_0_0'

1. Summary
----------

SUCCESS in the upgrade of ILA_ila_0_0 (xilinx.com:ip:ila:6.2) from (Rev. 1) to (Rev. 16)

