#-----------------------------------------------------------
# Vivado v2016.4 (64-bit)
# SW Build 1756540 on Mon Jan 23 19:11:23 MST 2017
# IP Build 1755317 on Mon Jan 23 20:30:07 MST 2017
# Start of session at: Sat Nov 29 20:36:25 2025
# Process ID: 15108
# Current directory: C:/Users/Arjun/Dual_MCP3313
# Command line: vivado.exe -gui_launcher_event rodinguilauncherevent15536 C:\Users\Arjun\Dual_MCP3313\Dual_MCP3313.xpr
# Log file: C:/Users/Arjun/Dual_MCP3313/vivado.log
# Journal file: C:/Users/Arjun/Dual_MCP3313\vivado.jou
#-----------------------------------------------------------
start_gui
open_project C:/Users/Arjun/Dual_MCP3313/Dual_MCP3313.xpr
Scanning sources...
Finished scanning sources
INFO: [IP_Flow 19-234] Refreshing IP repositories
INFO: [IP_Flow 19-1704] No user IP repositories specified
INFO: [IP_Flow 19-2313] Loaded Vivado IP repository 'E:/Vivado/2016.4/data/ip'.
open_project: Time (s): cpu = 00:00:25 ; elapsed = 00:00:14 . Memory (MB): peak = 918.379 ; gain = 203.965
open_bd_design {C:/Users/Arjun/Dual_MCP3313/Dual_MCP3313.srcs/sources_1/bd/ILA/ILA.bd}
Adding cell -- xilinx.com:ip:ila:6.2 - ila_0
INFO: [xilinx.com:ip:ila:6.2-6] /ila_0: Xilinx recommends using the System ILA IP in IP Integrator. The System ILA IP is functionally equivalent to an ILA and offers additional benefits in debugging interfaces both within IP Integrator and the Hardware Manager. Consult the Programming and Debug User Guide UG908 for further details.
Adding cell -- xilinx.com:ip:processing_system7:5.5 - processing_system7_0
Adding cell -- xilinx.com:module_ref:Dual_MCP3313:1.0 - Dual_MCP3313_0
Adding cell -- xilinx.com:ip:xlconstant:1.1 - xlconstant_0
WARNING: [BD 41-1731] Type mismatch between connected pins: /processing_system7_0/FCLK_RESET0_N(rst) and /Dual_MCP3313_0/i_Rst_L(undef)
Successfully read diagram <ILA> from BD file <C:/Users/Arjun/Dual_MCP3313/Dual_MCP3313.srcs/sources_1/bd/ILA/ILA.bd>
open_bd_design: Time (s): cpu = 00:00:09 ; elapsed = 00:00:08 . Memory (MB): peak = 1002.770 ; gain = 17.453
open_bd_design {C:/Users/Arjun/Dual_MCP3313/Dual_MCP3313.srcs/sources_1/bd/ILA/ILA.bd}
open_hw
open_bd_design {C:/Users/Arjun/Dual_MCP3313/Dual_MCP3313.srcs/sources_1/bd/ILA/ILA.bd}
ERROR: [Vivado 12-4452] The hardware handoff file (.sysdef) does not exist. It may not have been generated due to: 
 1. A bitstream might not have been generated. Generate Bitstream and export again, or do not request a bitstream to be included in export.
 2. There are no block design hardware handoff files. Check the vivado log messages for more details. 
ERROR: [Vivado 12-4452] The hardware handoff file (.sysdef) does not exist. It may not have been generated due to: 
 1. A bitstream might not have been generated. Generate Bitstream and export again, or do not request a bitstream to be included in export.
 2. There are no block design hardware handoff files. Check the vivado log messages for more details. 
ERROR: [Vivado 12-4452] The hardware handoff file (.sysdef) does not exist. It may not have been generated due to: 
 1. A bitstream might not have been generated. Generate Bitstream and export again, or do not request a bitstream to be included in export.
 2. There are no block design hardware handoff files. Check the vivado log messages for more details. 
launch_runs impl_1 -to_step write_bitstream -jobs 8
[Sat Nov 29 21:05:46 2025] Launched impl_1...
Run output will be captured here: C:/Users/Arjun/Dual_MCP3313/Dual_MCP3313.runs/impl_1/runme.log
reset_run impl_1 -prev_step 
WARNING: [Vivado 12-1017] Problems encountered:
1. PID not specified

connect_hw_server
INFO: [Labtools 27-2285] Connecting to hw_server url TCP:localhost:3121
INFO: [Labtools 27-2222] Launching hw_server...
INFO: [Labtools 27-2221] Launch Output:

****** Xilinx hw_server v2016.4
  **** Build date : Jan 23 2017-19:37:29
    ** Copyright 1986-2016 Xilinx, Inc. All Rights Reserved.


open_hw_target
ERROR: [Labtoolstcl 44-469] There is no current hw_target.
disconnect_hw_server localhost:3121
connect_hw_server
INFO: [Labtools 27-2285] Connecting to hw_server url TCP:localhost:3121
open_hw_target
ERROR: [Labtoolstcl 44-469] There is no current hw_target.
exit
INFO: [Common 17-206] Exiting Vivado at Sat Nov 29 21:15:31 2025...
