#-----------------------------------------------------------
# Vivado v2016.4 (64-bit)
# SW Build 1756540 on Mon Jan 23 19:11:23 MST 2017
# IP Build 1755317 on Mon Jan 23 20:30:07 MST 2017
# Start of session at: Sat Nov 29 17:30:17 2025
# Process ID: 21384
# Current directory: C:/Users/Arjun/Dual_MCP3313
# Command line: vivado.exe -gui_launcher_event rodinguilauncherevent36508 C:\Users\Arjun\Dual_MCP3313\Dual_MCP3313.xpr
# Log file: C:/Users/Arjun/Dual_MCP3313/vivado.log
# Journal file: C:/Users/Arjun/Dual_MCP3313\vivado.jou
#-----------------------------------------------------------
start_gui
open_project C:/Users/Arjun/Dual_MCP3313/Dual_MCP3313.xpr
Scanning sources...
Finished scanning sources
INFO: [IP_Flow 19-234] Refreshing IP repositories
INFO: [IP_Flow 19-1704] No user IP repositories specified
INFO: [IP_Flow 19-2313] Loaded Vivado IP repository 'E:/Vivado/2016.4/data/ip'.
WARNING: [IP_Flow 19-3664] IP 'ILA_xlconstant_0_1' generated file not found 'c:/Users/Arjun/Dual_MCP3313/Dual_MCP3313.srcs/sources_1/bd/ILA/ip/ILA_xlconstant_0_1/ILA_xlconstant_0_1.dcp'. Please regenerate to continue.
WARNING: [IP_Flow 19-3664] IP 'ILA_xlconstant_0_1' generated file not found 'c:/Users/Arjun/Dual_MCP3313/Dual_MCP3313.srcs/sources_1/bd/ILA/ip/ILA_xlconstant_0_1/ILA_xlconstant_0_1_stub.v'. Please regenerate to continue.
WARNING: [IP_Flow 19-3664] IP 'ILA_xlconstant_0_1' generated file not found 'c:/Users/Arjun/Dual_MCP3313/Dual_MCP3313.srcs/sources_1/bd/ILA/ip/ILA_xlconstant_0_1/ILA_xlconstant_0_1_stub.vhdl'. Please regenerate to continue.
WARNING: [IP_Flow 19-3664] IP 'ILA_xlconstant_0_1' generated file not found 'c:/Users/Arjun/Dual_MCP3313/Dual_MCP3313.srcs/sources_1/bd/ILA/ip/ILA_xlconstant_0_1/ILA_xlconstant_0_1_sim_netlist.v'. Please regenerate to continue.
WARNING: [IP_Flow 19-3664] IP 'ILA_xlconstant_0_1' generated file not found 'c:/Users/Arjun/Dual_MCP3313/Dual_MCP3313.srcs/sources_1/bd/ILA/ip/ILA_xlconstant_0_1/ILA_xlconstant_0_1_sim_netlist.vhdl'. Please regenerate to continue.
open_project: Time (s): cpu = 00:00:22 ; elapsed = 00:00:14 . Memory (MB): peak = 936.824 ; gain = 212.289
launch_runs impl_1 -to_step write_bitstream -jobs 8
[Sat Nov 29 17:30:54 2025] Launched ILA_xlconstant_0_1_synth_1, synth_1...
Run output will be captured here:
ILA_xlconstant_0_1_synth_1: C:/Users/Arjun/Dual_MCP3313/Dual_MCP3313.runs/ILA_xlconstant_0_1_synth_1/runme.log
synth_1: C:/Users/Arjun/Dual_MCP3313/Dual_MCP3313.runs/synth_1/runme.log
[Sat Nov 29 17:30:54 2025] Launched impl_1...
Run output will be captured here: C:/Users/Arjun/Dual_MCP3313/Dual_MCP3313.runs/impl_1/runme.log
reset_run synth_1
reset_run ILA_xlconstant_0_1_synth_1
exit
INFO: [Common 17-206] Exiting Vivado at Sat Nov 29 17:31:41 2025...
