#-----------------------------------------------------------
# Vivado v2016.4 (64-bit)
# SW Build 1756540 on Mon Jan 23 19:11:23 MST 2017
# IP Build 1755317 on Mon Jan 23 20:30:07 MST 2017
# Start of session at: Sat Nov 29 17:32:26 2025
# Process ID: 10020
# Current directory: C:/Users/Arjun/Dual_MCP3313
# Command line: vivado.exe -gui_launcher_event rodinguilauncherevent18796 C:\Users\Arjun\Dual_MCP3313\Dual_MCP3313.xpr
# Log file: C:/Users/Arjun/Dual_MCP3313/vivado.log
# Journal file: C:/Users/Arjun/Dual_MCP3313\vivado.jou
#-----------------------------------------------------------
start_gui
open_project C:/Users/Arjun/Dual_MCP3313/Dual_MCP3313.xpr
Scanning sources...
Finished scanning sources
INFO: [IP_Flow 19-234] Refreshing IP repositories
INFO: [IP_Flow 19-1704] No user IP repositories specified
INFO: [IP_Flow 19-2313] Loaded Vivado IP repository 'E:/Vivado/2016.4/data/ip'.
WARNING: [IP_Flow 19-3664] IP 'ILA_xlconstant_0_1' generated file not found 'c:/Users/Arjun/Dual_MCP3313/Dual_MCP3313.srcs/sources_1/bd/ILA/ip/ILA_xlconstant_0_1/ILA_xlconstant_0_1.dcp'. Please regenerate to continue.
WARNING: [IP_Flow 19-3664] IP 'ILA_xlconstant_0_1' generated file not found 'c:/Users/Arjun/Dual_MCP3313/Dual_MCP3313.srcs/sources_1/bd/ILA/ip/ILA_xlconstant_0_1/ILA_xlconstant_0_1_stub.v'. Please regenerate to continue.
WARNING: [IP_Flow 19-3664] IP 'ILA_xlconstant_0_1' generated file not found 'c:/Users/Arjun/Dual_MCP3313/Dual_MCP3313.srcs/sources_1/bd/ILA/ip/ILA_xlconstant_0_1/ILA_xlconstant_0_1_stub.vhdl'. Please regenerate to continue.
WARNING: [IP_Flow 19-3664] IP 'ILA_xlconstant_0_1' generated file not found 'c:/Users/Arjun/Dual_MCP3313/Dual_MCP3313.srcs/sources_1/bd/ILA/ip/ILA_xlconstant_0_1/ILA_xlconstant_0_1_sim_netlist.v'. Please regenerate to continue.
WARNING: [IP_Flow 19-3664] IP 'ILA_xlconstant_0_1' generated file not found 'c:/Users/Arjun/Dual_MCP3313/Dual_MCP3313.srcs/sources_1/bd/ILA/ip/ILA_xlconstant_0_1/ILA_xlconstant_0_1_sim_netlist.vhdl'. Please regenerate to continue.
open_project: Time (s): cpu = 00:00:20 ; elapsed = 00:00:12 . Memory (MB): peak = 946.152 ; gain = 226.348
launch_runs impl_1 -jobs 8
[Sat Nov 29 17:33:07 2025] Launched ILA_xlconstant_0_1_synth_1, synth_1...
Run output will be captured here:
ILA_xlconstant_0_1_synth_1: C:/Users/Arjun/Dual_MCP3313/Dual_MCP3313.runs/ILA_xlconstant_0_1_synth_1/runme.log
synth_1: C:/Users/Arjun/Dual_MCP3313/Dual_MCP3313.runs/synth_1/runme.log
[Sat Nov 29 17:33:08 2025] Launched impl_1...
Run output will be captured here: C:/Users/Arjun/Dual_MCP3313/Dual_MCP3313.runs/impl_1/runme.log
reset_run synth_1
reset_run ILA_xlconstant_0_1_synth_1
open_bd_design {C:/Users/Arjun/Dual_MCP3313/Dual_MCP3313.srcs/sources_1/bd/ILA/ILA.bd}
Adding cell -- xilinx.com:ip:ila:6.2 - ila_0
INFO: [xilinx.com:ip:ila:6.2-6] /ila_0: Xilinx recommends using the System ILA IP in IP Integrator. The System ILA IP is functionally equivalent to an ILA and offers additional benefits in debugging interfaces both within IP Integrator and the Hardware Manager. Consult the Programming and Debug User Guide UG908 for further details.
Adding cell -- xilinx.com:ip:processing_system7:5.5 - processing_system7_0
Adding cell -- xilinx.com:module_ref:Dual_MCP3313:1.0 - Dual_MCP3313_0
Adding cell -- xilinx.com:ip:xlconstant:1.1 - xlconstant_0
WARNING: [BD 41-1731] Type mismatch between connected pins: /processing_system7_0/FCLK_RESET0_N(rst) and /Dual_MCP3313_0/i_Rst_L(undef)
Successfully read diagram <ILA> from BD file <C:/Users/Arjun/Dual_MCP3313/Dual_MCP3313.srcs/sources_1/bd/ILA/ILA.bd>
open_bd_design: Time (s): cpu = 00:00:11 ; elapsed = 00:00:08 . Memory (MB): peak = 976.563 ; gain = 17.762
launch_runs synth_1 -jobs 8
INFO: [HDL 9-2216] Analyzing Verilog file "C:/Users/Arjun/Dual_MCP3313/Dual_MCP3313.srcs/sources_1/new/Dual_MCP3313.v" into library work [C:/Users/Arjun/Dual_MCP3313/Dual_MCP3313.srcs/sources_1/new/Dual_MCP3313.v:1]
INFO: [HDL 9-2216] Analyzing Verilog file "C:/Users/Arjun/SPI_MCP3313/SPI_MCP3313.srcs/sources_1/new/SPI_Master.v" into library work [C:/Users/Arjun/SPI_MCP3313/SPI_MCP3313.srcs/sources_1/new/SPI_Master.v:1]
INFO: [HDL 9-2216] Analyzing Verilog file "C:/Users/Arjun/Dual_MCP3313/Dual_MCP3313.srcs/sources_1/new/SPI_Master_With_Single_CS.v" into library work [C:/Users/Arjun/Dual_MCP3313/Dual_MCP3313.srcs/sources_1/new/SPI_Master_With_Single_CS.v:1]
[Sat Nov 29 17:34:05 2025] Launched ILA_xlconstant_0_1_synth_1...
Run output will be captured here: C:/Users/Arjun/Dual_MCP3313/Dual_MCP3313.runs/ILA_xlconstant_0_1_synth_1/runme.log
[Sat Nov 29 17:34:05 2025] Launched synth_1...
Run output will be captured here: C:/Users/Arjun/Dual_MCP3313/Dual_MCP3313.runs/synth_1/runme.log
set_property top ILA_wrapper [current_fileset]
reset_run synth_1
launch_runs synth_1 -jobs 8
INFO: [HDL 9-2216] Analyzing Verilog file "C:/Users/Arjun/Dual_MCP3313/Dual_MCP3313.srcs/sources_1/new/Dual_MCP3313.v" into library work [C:/Users/Arjun/Dual_MCP3313/Dual_MCP3313.srcs/sources_1/new/Dual_MCP3313.v:1]
INFO: [HDL 9-2216] Analyzing Verilog file "C:/Users/Arjun/SPI_MCP3313/SPI_MCP3313.srcs/sources_1/new/SPI_Master.v" into library work [C:/Users/Arjun/SPI_MCP3313/SPI_MCP3313.srcs/sources_1/new/SPI_Master.v:1]
INFO: [HDL 9-2216] Analyzing Verilog file "C:/Users/Arjun/Dual_MCP3313/Dual_MCP3313.srcs/sources_1/new/SPI_Master_With_Single_CS.v" into library work [C:/Users/Arjun/Dual_MCP3313/Dual_MCP3313.srcs/sources_1/new/SPI_Master_With_Single_CS.v:1]
[Sat Nov 29 17:37:59 2025] Launched synth_1...
Run output will be captured here: C:/Users/Arjun/Dual_MCP3313/Dual_MCP3313.runs/synth_1/runme.log
launch_runs impl_1 -jobs 8
[Sat Nov 29 17:39:11 2025] Launched impl_1...
Run output will be captured here: C:/Users/Arjun/Dual_MCP3313/Dual_MCP3313.runs/impl_1/runme.log
launch_runs impl_1 -to_step write_bitstream -jobs 8
[Sat Nov 29 17:44:45 2025] Launched impl_1...
Run output will be captured here: C:/Users/Arjun/Dual_MCP3313/Dual_MCP3313.runs/impl_1/runme.log
reset_run impl_1 -prev_step 
WARNING: [Vivado 12-1017] Problems encountered:
1. PID not specified

launch_runs impl_1 -to_step write_bitstream -jobs 8
[Sat Nov 29 17:51:58 2025] Launched impl_1...
Run output will be captured here: C:/Users/Arjun/Dual_MCP3313/Dual_MCP3313.runs/impl_1/runme.log
reset_run impl_1 -prev_step 
WARNING: [Vivado 12-1017] Problems encountered:
1. PID not specified

exit
INFO: [Common 17-206] Exiting Vivado at Sat Nov 29 17:52:58 2025...
