Unable to capture context for thread 12072 in process 29996, can not generate back trace
Unable to capture context for thread 18356 in process 29996, can not generate back trace
Unable to capture context for thread 28580 in process 29996, can not generate back trace
Unable to capture context for thread 33816 in process 29996, can not generate back trace
Unable to capture context for thread 304 in process 29996, can not generate back trace
Exception at PC 0x00007FFD8934BB93
Printing stacktrace...

Unable to capture context for thread 12072 in process 29996, can not generate back trace
Unable to capture context for thread 18356 in process 29996, can not generate back trace
Unable to capture context for thread 28580 in process 29996, can not generate back trace
Exception at PC 0x00007FFE62A580DA
Exception at PC 0x00007FFE62A580DA
Exception at PC 0x00007FFE62A580DA
Exception at PC 0x00007FFE62A580DA
[0]  [0x00007FFD8934BB93]
[1]  [0x00007FFD8934BB93]
[2]  [0x00007FFD8934B4A1]
[3]  [0x00007FFD8934B459]
[4]  [0x00007FFD893319FE]
[5]  [0x00007FFD89330ED1]
[6]  [0x00007FFD89330D76]
[7]  [0x00007FFD892D79F6]
[8]  [0x00007FFD892C7AFB]
[9]  [0x00007FFD893EE90A]
[10]  [0x00007FFD89409F87]
[11]  [0x00007FFD8940A05F]
[12] (BaseThreadInitThunk+0x17) [0x00007FFE63F9E8D7]
[13] (RtlUserThreadStart+0x2c) [0x00007FFE6536C53C]
Done
Exception at PC 0x00007FFE62A580DA
Exception at PC 0x00007FFE62A580DA
Exception at PC 0x00007FFE62A580DA
Exception at PC 0x00007FFE62A580DA
Exception at PC 0x00007FFE62A580DA
Exception at PC 0x00007FFE62A580DA
Exception at PC 0x00007FFE62A580DA
Exception at PC 0x00007FFE62A580DA
Exception at PC 0x00007FFE62A580DA
Exception at PC 0x00007FFE62A580DA
Exception at PC 0x00007FFE62A580DA
Exception at PC 0x00007FFE62A580DA
Exception at PC 0x00007FFE62A580DA
Exception at PC 0x00007FFE62A580DA
